[2020-05-12 17:26:38] app.INFO: Protect vendor folder in module contactform [] []
[2020-05-12 17:26:38] app.INFO: Module contactform has no vendor folder [] []
[2020-05-12 17:26:38] app.INFO: Protect vendor folder in module dashactivity [] []
[2020-05-12 17:26:38] app.INFO: Module dashactivity has no vendor folder [] []
[2020-05-12 17:26:38] app.INFO: Protect vendor folder in module dashtrends [] []
[2020-05-12 17:26:38] app.INFO: Module dashtrends has no vendor folder [] []
[2020-05-12 17:26:38] app.INFO: Protect vendor folder in module dashgoals [] []
[2020-05-12 17:26:38] app.INFO: Module dashgoals has no vendor folder [] []
[2020-05-12 17:26:38] app.INFO: Protect vendor folder in module dashproducts [] []
[2020-05-12 17:26:38] app.INFO: Module dashproducts has no vendor folder [] []
[2020-05-12 17:26:38] app.INFO: Protect vendor folder in module graphnvd3 [] []
[2020-05-12 17:26:38] app.INFO: Module graphnvd3 has no vendor folder [] []
[2020-05-12 17:26:38] app.INFO: Protect vendor folder in module gridhtml [] []
[2020-05-12 17:26:38] app.INFO: Module gridhtml has no vendor folder [] []
[2020-05-12 17:26:38] app.INFO: Protect vendor folder in module gsitemap [] []
[2020-05-12 17:26:38] app.INFO: Module gsitemap has no vendor folder [] []
[2020-05-12 17:26:38] app.INFO: Protect vendor folder in module ps_banner [] []
[2020-05-12 17:26:38] app.INFO: Module ps_banner has no vendor folder [] []
[2020-05-12 17:26:38] app.INFO: Protect vendor folder in module ps_categorytree [] []
[2020-05-12 17:26:38] app.INFO: Module ps_categorytree has no vendor folder [] []
[2020-05-12 17:26:38] app.INFO: Protect vendor folder in module ps_checkpayment [] []
[2020-05-12 17:26:38] app.INFO: Module ps_checkpayment has no vendor folder [] []
[2020-05-12 17:26:38] app.INFO: Protect vendor folder in module ps_contactinfo [] []
[2020-05-12 17:26:38] app.INFO: Module ps_contactinfo has no vendor folder [] []
[2020-05-12 17:26:38] app.INFO: Protect vendor folder in module ps_currencyselector [] []
[2020-05-12 17:26:38] app.INFO: Module ps_currencyselector has no vendor folder [] []
[2020-05-12 17:26:38] app.INFO: Protect vendor folder in module ps_customeraccountlinks [] []
[2020-05-12 17:26:38] app.INFO: Module ps_customeraccountlinks has no vendor folder [] []
[2020-05-12 17:26:38] app.INFO: Protect vendor folder in module ps_customersignin [] []
[2020-05-12 17:26:38] app.INFO: Module ps_customersignin has no vendor folder [] []
[2020-05-12 17:26:38] app.INFO: Protect vendor folder in module ps_customtext [] []
[2020-05-12 17:26:38] app.INFO: Module ps_customtext has no vendor folder [] []
[2020-05-12 17:26:38] app.INFO: Protect vendor folder in module ps_emailsubscription [] []
[2020-05-12 17:26:38] app.INFO: Module ps_emailsubscription has no vendor folder [] []
[2020-05-12 17:26:39] app.INFO: Protect vendor folder in module ps_facetedsearch [] []
[2020-05-12 17:26:39] app.INFO: Module ps_facetedsearch has no vendor folder [] []
[2020-05-12 17:26:39] app.INFO: Protect vendor folder in module ps_faviconnotificationbo [] []
[2020-05-12 17:26:39] app.INFO: Module ps_faviconnotificationbo has no vendor folder [] []
[2020-05-12 17:26:39] app.INFO: Protect vendor folder in module ps_featuredproducts [] []
[2020-05-12 17:26:39] app.INFO: Module ps_featuredproducts has no vendor folder [] []
[2020-05-12 17:26:39] app.INFO: Protect vendor folder in module ps_imageslider [] []
[2020-05-12 17:26:39] app.INFO: Module ps_imageslider has no vendor folder [] []
[2020-05-12 17:26:39] app.INFO: Protect vendor folder in module ps_languageselector [] []
[2020-05-12 17:26:39] app.INFO: Module ps_languageselector has no vendor folder [] []
[2020-05-12 17:26:39] app.INFO: Protect vendor folder in module ps_linklist [] []
[2020-05-12 17:26:39] app.INFO: Module ps_linklist has no vendor folder [] []
[2020-05-12 17:26:39] app.ERROR: Class "AdminLinkWidgetController" not found in controllers/admin [] []
[2020-05-12 17:26:39] app.INFO: Protect vendor folder in module ps_mainmenu [] []
[2020-05-12 17:26:39] app.INFO: Module ps_mainmenu has no vendor folder [] []
[2020-05-12 17:26:39] app.INFO: Protect vendor folder in module ps_searchbar [] []
[2020-05-12 17:26:39] app.INFO: Module ps_searchbar has no vendor folder [] []
[2020-05-12 17:26:39] app.INFO: Protect vendor folder in module ps_sharebuttons [] []
[2020-05-12 17:26:39] app.INFO: Module ps_sharebuttons has no vendor folder [] []
[2020-05-12 17:26:39] app.INFO: Protect vendor folder in module ps_shoppingcart [] []
[2020-05-12 17:26:39] app.INFO: Module ps_shoppingcart has no vendor folder [] []
[2020-05-12 17:26:39] app.INFO: Protect vendor folder in module ps_socialfollow [] []
[2020-05-12 17:26:39] app.INFO: Module ps_socialfollow has no vendor folder [] []
[2020-05-12 17:26:39] app.INFO: Protect vendor folder in module ps_themecusto [] []
[2020-05-12 17:26:39] app.INFO: Module ps_themecusto has no vendor folder [] []
[2020-05-12 17:26:39] app.INFO: Protect vendor folder in module ps_wirepayment [] []
[2020-05-12 17:26:39] app.INFO: Module ps_wirepayment has no vendor folder [] []
[2020-05-12 17:26:39] app.INFO: Protect vendor folder in module pagesnotfound [] []
[2020-05-12 17:26:39] app.INFO: Module pagesnotfound has no vendor folder [] []
[2020-05-12 17:26:40] app.INFO: Protect vendor folder in module sekeywords [] []
[2020-05-12 17:26:40] app.INFO: Module sekeywords has no vendor folder [] []
[2020-05-12 17:26:40] app.INFO: Protect vendor folder in module statsbestcategories [] []
[2020-05-12 17:26:40] app.INFO: Module statsbestcategories has no vendor folder [] []
[2020-05-12 17:26:40] app.INFO: Protect vendor folder in module statsbestcustomers [] []
[2020-05-12 17:26:40] app.INFO: Module statsbestcustomers has no vendor folder [] []
[2020-05-12 17:26:40] app.INFO: Protect vendor folder in module statsbestproducts [] []
[2020-05-12 17:26:40] app.INFO: Module statsbestproducts has no vendor folder [] []
[2020-05-12 17:26:40] app.INFO: Protect vendor folder in module statsbestsuppliers [] []
[2020-05-12 17:26:40] app.INFO: Module statsbestsuppliers has no vendor folder [] []
[2020-05-12 17:26:40] app.INFO: Protect vendor folder in module statsbestvouchers [] []
[2020-05-12 17:26:40] app.INFO: Module statsbestvouchers has no vendor folder [] []
[2020-05-12 17:26:40] app.INFO: Protect vendor folder in module statscarrier [] []
[2020-05-12 17:26:40] app.INFO: Module statscarrier has no vendor folder [] []
[2020-05-12 17:26:40] app.INFO: Protect vendor folder in module statscatalog [] []
[2020-05-12 17:26:40] app.INFO: Module statscatalog has no vendor folder [] []
[2020-05-12 17:26:40] app.INFO: Protect vendor folder in module statscheckup [] []
[2020-05-12 17:26:40] app.INFO: Module statscheckup has no vendor folder [] []
[2020-05-12 17:26:40] app.INFO: Protect vendor folder in module statsdata [] []
[2020-05-12 17:26:40] app.INFO: Module statsdata has no vendor folder [] []
[2020-05-12 17:26:40] app.INFO: Protect vendor folder in module statsequipment [] []
[2020-05-12 17:26:40] app.INFO: Module statsequipment has no vendor folder [] []
[2020-05-12 17:26:40] app.INFO: Protect vendor folder in module statsforecast [] []
[2020-05-12 17:26:40] app.INFO: Module statsforecast has no vendor folder [] []
[2020-05-12 17:26:40] app.INFO: Protect vendor folder in module statslive [] []
[2020-05-12 17:26:40] app.INFO: Module statslive has no vendor folder [] []
[2020-05-12 17:26:40] app.INFO: Protect vendor folder in module statsnewsletter [] []
[2020-05-12 17:26:40] app.INFO: Module statsnewsletter has no vendor folder [] []
[2020-05-12 17:26:40] app.INFO: Protect vendor folder in module statsorigin [] []
[2020-05-12 17:26:40] app.INFO: Module statsorigin has no vendor folder [] []
[2020-05-12 17:26:40] app.INFO: Protect vendor folder in module statspersonalinfos [] []
[2020-05-12 17:26:40] app.INFO: Module statspersonalinfos has no vendor folder [] []
[2020-05-12 17:26:40] app.INFO: Protect vendor folder in module statsproduct [] []
[2020-05-12 17:26:40] app.INFO: Module statsproduct has no vendor folder [] []
[2020-05-12 17:26:40] app.INFO: Protect vendor folder in module statsregistrations [] []
[2020-05-12 17:26:40] app.INFO: Module statsregistrations has no vendor folder [] []
[2020-05-12 17:26:40] app.INFO: Protect vendor folder in module statssales [] []
[2020-05-12 17:26:40] app.INFO: Module statssales has no vendor folder [] []
[2020-05-12 17:26:40] app.INFO: Protect vendor folder in module statssearch [] []
[2020-05-12 17:26:40] app.INFO: Module statssearch has no vendor folder [] []
[2020-05-12 17:26:40] app.INFO: Protect vendor folder in module statsstock [] []
[2020-05-12 17:26:40] app.INFO: Module statsstock has no vendor folder [] []
[2020-05-12 17:26:40] app.INFO: Protect vendor folder in module statsvisits [] []
[2020-05-12 17:26:40] app.INFO: Module statsvisits has no vendor folder [] []
[2020-05-12 17:26:40] app.INFO: Protect vendor folder in module welcome [] []
[2020-05-12 17:26:41] app.INFO: Exporting mail with theme modern for language Español (Spanish) [] []
[2020-05-12 17:26:41] app.INFO: Core output folder: C:\xampp\htdocs\mitienda/mails [] []
[2020-05-12 17:26:41] app.INFO: Modules output folder: C:\xampp\htdocs\mitienda/modules/ [] []
[2020-05-12 17:26:42] app.INFO: Exporting mail with theme modern for language Català (Catalan) [] []
[2020-05-12 17:26:42] app.INFO: Core output folder: C:\xampp\htdocs\mitienda/mails [] []
[2020-05-12 17:26:42] app.INFO: Modules output folder: C:\xampp\htdocs\mitienda/modules/ [] []
[2020-05-12 17:26:43] app.INFO: Exporting mail with theme modern for language Galego (Galician) [] []
[2020-05-12 17:26:43] app.INFO: Core output folder: C:\xampp\htdocs\mitienda/mails [] []
[2020-05-12 17:26:43] app.INFO: Modules output folder: C:\xampp\htdocs\mitienda/modules/ [] []
[2020-05-12 17:26:44] app.INFO: Exporting mail with theme modern for language Euskera (Basque) [] []
[2020-05-12 17:26:44] app.INFO: Core output folder: C:\xampp\htdocs\mitienda/mails [] []
[2020-05-12 17:26:44] app.INFO: Modules output folder: C:\xampp\htdocs\mitienda/modules/ [] []
[2020-05-14 22:55:22] request.INFO: Matched route "admin_emails_send_test". {"route":"admin_emails_send_test","route_parameters":{"_controller":"PrestaShopBundle\\Controller\\Admin\\Configure\\AdvancedParameters\\EmailController::sendTestAction","_legacy_controller":"AdminEmails","_legacy_link":"AdminEmails:testEmail","_route":"admin_emails_send_test"},"request_uri":"http://localhost/mitienda/admin260f4hauq/index.php/configure/advanced/emails/send-testing-email?_token=Qx3z54yjjhXSSMCzdDu1Spkfpd1uNKzbpqMbCIAJegc","method":"POST"} []
[2020-05-14 22:55:22] security.DEBUG: Read existing security token from the session. {"key":"_security_main","token_class":"Symfony\\Component\\Security\\Core\\Authentication\\Token\\UsernamePasswordToken"} []
[2020-05-14 22:55:22] security.DEBUG: User was reloaded from a user provider. {"provider":"PrestaShopBundle\\Security\\Admin\\EmployeeProvider","username":"ncaffa@webimpacto.es"} []
[2020-05-14 22:55:43] request.CRITICAL: Uncaught PHP Exception Symfony\Component\Serializer\Exception\NotEncodableValueException: "Malformed UTF-8 characters, possibly incorrectly encoded" at C:\xampp\htdocs\mitienda\vendor\symfony\symfony\src\Symfony\Component\Serializer\Encoder\JsonEncode.php line 42 {"exception":"[object] (Symfony\\Component\\Serializer\\Exception\\NotEncodableValueException(code: 0): Malformed UTF-8 characters, possibly incorrectly encoded at C:\\xampp\\htdocs\\mitienda\\vendor\\symfony\\symfony\\src\\Symfony\\Component\\Serializer\\Encoder\\JsonEncode.php:42)"} []
[2020-05-14 22:55:43] security.DEBUG: Stored the security token in the session. {"key":"_security_main"} []
[2020-05-14 23:01:11] request.INFO: Matched route "admin_emails_send_test". {"route":"admin_emails_send_test","route_parameters":{"_controller":"PrestaShopBundle\\Controller\\Admin\\Configure\\AdvancedParameters\\EmailController::sendTestAction","_legacy_controller":"AdminEmails","_legacy_link":"AdminEmails:testEmail","_route":"admin_emails_send_test"},"request_uri":"http://localhost/mitienda/admin260f4hauq/index.php/configure/advanced/emails/send-testing-email?_token=Qx3z54yjjhXSSMCzdDu1Spkfpd1uNKzbpqMbCIAJegc","method":"POST"} []
[2020-05-14 23:01:11] security.DEBUG: Read existing security token from the session. {"key":"_security_main","token_class":"Symfony\\Component\\Security\\Core\\Authentication\\Token\\UsernamePasswordToken"} []
[2020-05-14 23:01:11] security.DEBUG: User was reloaded from a user provider. {"provider":"PrestaShopBundle\\Security\\Admin\\EmployeeProvider","username":"ncaffa@webimpacto.es"} []
[2020-05-14 23:01:33] request.CRITICAL: Uncaught PHP Exception Symfony\Component\Serializer\Exception\NotEncodableValueException: "Malformed UTF-8 characters, possibly incorrectly encoded" at C:\xampp\htdocs\mitienda\vendor\symfony\symfony\src\Symfony\Component\Serializer\Encoder\JsonEncode.php line 42 {"exception":"[object] (Symfony\\Component\\Serializer\\Exception\\NotEncodableValueException(code: 0): Malformed UTF-8 characters, possibly incorrectly encoded at C:\\xampp\\htdocs\\mitienda\\vendor\\symfony\\symfony\\src\\Symfony\\Component\\Serializer\\Encoder\\JsonEncode.php:42)"} []
[2020-05-14 23:01:33] security.DEBUG: Stored the security token in the session. {"key":"_security_main"} []
[2020-05-15 08:20:10] request.INFO: Matched route "admin_emails_send_test". {"route":"admin_emails_send_test","route_parameters":{"_controller":"PrestaShopBundle\\Controller\\Admin\\Configure\\AdvancedParameters\\EmailController::sendTestAction","_legacy_controller":"AdminEmails","_legacy_link":"AdminEmails:testEmail","_route":"admin_emails_send_test"},"request_uri":"http://localhost/mitienda/admin260f4hauq/index.php/configure/advanced/emails/send-testing-email?_token=iIr6U82c3MnYIPiaZLFs96Q4Y8UHn1xPSw6Bon2KefY","method":"POST"} []
[2020-05-15 08:20:10] security.DEBUG: Read existing security token from the session. {"key":"_security_main","token_class":"Symfony\\Component\\Security\\Core\\Authentication\\Token\\UsernamePasswordToken"} []
[2020-05-15 08:20:10] security.DEBUG: User was reloaded from a user provider. {"provider":"PrestaShopBundle\\Security\\Admin\\EmployeeProvider","username":"ncaffa@webimpacto.es"} []
[2020-05-15 08:20:10] request.CRITICAL: Uncaught PHP Exception Symfony\Component\Serializer\Exception\NotEncodableValueException: "Malformed UTF-8 characters, possibly incorrectly encoded" at C:\xampp\htdocs\mitienda\vendor\symfony\symfony\src\Symfony\Component\Serializer\Encoder\JsonEncode.php line 42 {"exception":"[object] (Symfony\\Component\\Serializer\\Exception\\NotEncodableValueException(code: 0): Malformed UTF-8 characters, possibly incorrectly encoded at C:\\xampp\\htdocs\\mitienda\\vendor\\symfony\\symfony\\src\\Symfony\\Component\\Serializer\\Encoder\\JsonEncode.php:42)"} []
[2020-05-15 08:20:10] security.DEBUG: Stored the security token in the session. {"key":"_security_main"} []
[2020-05-15 12:52:44] request.CRITICAL: Uncaught PHP Exception Symfony\Component\Debug\Exception\UndefinedMethodException: "Attempted to call an undefined method named "getInput" of class "Mimodulo"." at C:\xampp\htdocs\mitienda\modules\mimodulo\mimodulo.php line 93 {"exception":"[object] (Symfony\\Component\\Debug\\Exception\\UndefinedMethodException(code: 0): Attempted to call an undefined method named \"getInput\" of class \"Mimodulo\". at C:\\xampp\\htdocs\\mitienda\\modules\\mimodulo\\mimodulo.php:93)"} []
[2020-05-15 12:53:03] request.CRITICAL: Uncaught PHP Exception Symfony\Component\Debug\Exception\UndefinedMethodException: "Attempted to call an undefined method named "getInput" of class "Mimodulo"." at C:\xampp\htdocs\mitienda\modules\mimodulo\mimodulo.php line 93 {"exception":"[object] (Symfony\\Component\\Debug\\Exception\\UndefinedMethodException(code: 0): Attempted to call an undefined method named \"getInput\" of class \"Mimodulo\". at C:\\xampp\\htdocs\\mitienda\\modules\\mimodulo\\mimodulo.php:93)"} []
[2020-05-15 12:53:25] request.CRITICAL: Uncaught PHP Exception Symfony\Component\Debug\Exception\UndefinedMethodException: "Attempted to call an undefined method named "getInput" of class "Mimodulo"." at C:\xampp\htdocs\mitienda\modules\mimodulo\mimodulo.php line 93 {"exception":"[object] (Symfony\\Component\\Debug\\Exception\\UndefinedMethodException(code: 0): Attempted to call an undefined method named \"getInput\" of class \"Mimodulo\". at C:\\xampp\\htdocs\\mitienda\\modules\\mimodulo\\mimodulo.php:93)"} []
[2020-05-18 11:17:58] request.INFO: Matched route "admin_module_import". {"route":"admin_module_import","route_parameters":{"module_name":null,"_controller":"PrestaShopBundle\\Controller\\Admin\\Improve\\ModuleController::importModuleAction","_route":"admin_module_import"},"request_uri":"http://localhost/mitienda/admin260f4hauq/index.php/improve/modules/import?_token=x2IxfmF8rPzIqvhH5ycqEif3e17TmcaEB41ja4B11Ws","method":"POST"} []
[2020-05-18 11:17:58] security.DEBUG: Read existing security token from the session. {"key":"_security_main","token_class":"Symfony\\Component\\Security\\Core\\Authentication\\Token\\UsernamePasswordToken"} []
[2020-05-18 11:17:58] security.DEBUG: User was reloaded from a user provider. {"provider":"PrestaShopBundle\\Security\\Admin\\EmployeeProvider","username":"ncaffa@webimpacto.es"} []
[2020-05-18 11:17:59] request.CRITICAL: Uncaught PHP Exception Symfony\Component\Debug\Exception\UndefinedMethodException: "Attempted to call an undefined method named "installTables" of class "Ps_democqrshooksusage"." at C:\xampp\htdocs\mitienda\modules\ps_democqrshooksusage\ps_democqrshooksusage.php line 77 {"exception":"[object] (Symfony\\Component\\Debug\\Exception\\UndefinedMethodException(code: 0): Attempted to call an undefined method named \"installTables\" of class \"Ps_democqrshooksusage\". at C:\\xampp\\htdocs\\mitienda\\modules\\ps_democqrshooksusage\\ps_democqrshooksusage.php:77)"} []
[2020-05-18 11:17:59] security.DEBUG: Stored the security token in the session. {"key":"_security_main"} []
[2020-05-18 11:21:04] request.CRITICAL: Uncaught PHP Exception Symfony\Component\Config\Exception\FileLoaderLoadException: "The definition of "ps_democqrshooksusage_toggle_is_allowed_for_review" in "C:\xampp\htdocs\mitienda\src\PrestaShopBundle\Kernel/../../../modules\ps_democqrshooksusage/config/routes.yml" must be a YAML array in . (which is being imported from "C:\xampp\htdocs\mitienda\app/config/routing.yml"). Make sure there is a loader supporting the "module" type." at C:\xampp\htdocs\mitienda\vendor\symfony\symfony\src\Symfony\Component\Config\Loader\FileLoader.php line 168 {"exception":"[object] (Symfony\\Component\\Config\\Exception\\FileLoaderLoadException(code: 0): The definition of \"ps_democqrshooksusage_toggle_is_allowed_for_review\" in \"C:\\xampp\\htdocs\\mitienda\\src\\PrestaShopBundle\\Kernel/../../../modules\\ps_democqrshooksusage/config/routes.yml\" must be a YAML array in . (which is being imported from \"C:\\xampp\\htdocs\\mitienda\\app/config/routing.yml\"). Make sure there is a loader supporting the \"module\" type. at C:\\xampp\\htdocs\\mitienda\\vendor\\symfony\\symfony\\src\\Symfony\\Component\\Config\\Loader\\FileLoader.php:168, InvalidArgumentException(code: 0): The definition of \"ps_democqrshooksusage_toggle_is_allowed_for_review\" in \"C:\\xampp\\htdocs\\mitienda\\src\\PrestaShopBundle\\Kernel/../../../modules\\ps_democqrshooksusage/config/routes.yml\" must be a YAML array. at C:\\xampp\\htdocs\\mitienda\\vendor\\symfony\\symfony\\src\\Symfony\\Component\\Routing\\Loader\\YamlFileLoader.php:203)"} []
[2020-05-18 11:21:12] request.CRITICAL: Uncaught PHP Exception Symfony\Component\Config\Exception\FileLoaderLoadException: "The definition of "ps_democqrshooksusage_toggle_is_allowed_for_review" in "C:\xampp\htdocs\mitienda\src\PrestaShopBundle\Kernel/../../../modules\ps_democqrshooksusage/config/routes.yml" must be a YAML array in . (which is being imported from "C:\xampp\htdocs\mitienda\app/config/routing.yml"). Make sure there is a loader supporting the "module" type." at C:\xampp\htdocs\mitienda\vendor\symfony\symfony\src\Symfony\Component\Config\Loader\FileLoader.php line 168 {"exception":"[object] (Symfony\\Component\\Config\\Exception\\FileLoaderLoadException(code: 0): The definition of \"ps_democqrshooksusage_toggle_is_allowed_for_review\" in \"C:\\xampp\\htdocs\\mitienda\\src\\PrestaShopBundle\\Kernel/../../../modules\\ps_democqrshooksusage/config/routes.yml\" must be a YAML array in . (which is being imported from \"C:\\xampp\\htdocs\\mitienda\\app/config/routing.yml\"). Make sure there is a loader supporting the \"module\" type. at C:\\xampp\\htdocs\\mitienda\\vendor\\symfony\\symfony\\src\\Symfony\\Component\\Config\\Loader\\FileLoader.php:168, InvalidArgumentException(code: 0): The definition of \"ps_democqrshooksusage_toggle_is_allowed_for_review\" in \"C:\\xampp\\htdocs\\mitienda\\src\\PrestaShopBundle\\Kernel/../../../modules\\ps_democqrshooksusage/config/routes.yml\" must be a YAML array. at C:\\xampp\\htdocs\\mitienda\\vendor\\symfony\\symfony\\src\\Symfony\\Component\\Routing\\Loader\\YamlFileLoader.php:203)"} []
[2020-05-18 11:21:17] request.CRITICAL: Uncaught PHP Exception Symfony\Component\Config\Exception\FileLoaderLoadException: "The definition of "ps_democqrshooksusage_toggle_is_allowed_for_review" in "C:\xampp\htdocs\mitienda\src\PrestaShopBundle\Kernel/../../../modules\ps_democqrshooksusage/config/routes.yml" must be a YAML array in . (which is being imported from "C:\xampp\htdocs\mitienda\app/config/routing.yml"). Make sure there is a loader supporting the "module" type." at C:\xampp\htdocs\mitienda\vendor\symfony\symfony\src\Symfony\Component\Config\Loader\FileLoader.php line 168 {"exception":"[object] (Symfony\\Component\\Config\\Exception\\FileLoaderLoadException(code: 0): The definition of \"ps_democqrshooksusage_toggle_is_allowed_for_review\" in \"C:\\xampp\\htdocs\\mitienda\\src\\PrestaShopBundle\\Kernel/../../../modules\\ps_democqrshooksusage/config/routes.yml\" must be a YAML array in . (which is being imported from \"C:\\xampp\\htdocs\\mitienda\\app/config/routing.yml\"). Make sure there is a loader supporting the \"module\" type. at C:\\xampp\\htdocs\\mitienda\\vendor\\symfony\\symfony\\src\\Symfony\\Component\\Config\\Loader\\FileLoader.php:168, InvalidArgumentException(code: 0): The definition of \"ps_democqrshooksusage_toggle_is_allowed_for_review\" in \"C:\\xampp\\htdocs\\mitienda\\src\\PrestaShopBundle\\Kernel/../../../modules\\ps_democqrshooksusage/config/routes.yml\" must be a YAML array. at C:\\xampp\\htdocs\\mitienda\\vendor\\symfony\\symfony\\src\\Symfony\\Component\\Routing\\Loader\\YamlFileLoader.php:203)"} []
[2020-05-18 11:21:18] request.CRITICAL: Uncaught PHP Exception Symfony\Component\Config\Exception\FileLoaderLoadException: "The definition of "ps_democqrshooksusage_toggle_is_allowed_for_review" in "C:\xampp\htdocs\mitienda\src\PrestaShopBundle\Kernel/../../../modules\ps_democqrshooksusage/config/routes.yml" must be a YAML array in . (which is being imported from "C:\xampp\htdocs\mitienda\app/config/routing.yml"). Make sure there is a loader supporting the "module" type." at C:\xampp\htdocs\mitienda\vendor\symfony\symfony\src\Symfony\Component\Config\Loader\FileLoader.php line 168 {"exception":"[object] (Symfony\\Component\\Config\\Exception\\FileLoaderLoadException(code: 0): The definition of \"ps_democqrshooksusage_toggle_is_allowed_for_review\" in \"C:\\xampp\\htdocs\\mitienda\\src\\PrestaShopBundle\\Kernel/../../../modules\\ps_democqrshooksusage/config/routes.yml\" must be a YAML array in . (which is being imported from \"C:\\xampp\\htdocs\\mitienda\\app/config/routing.yml\"). Make sure there is a loader supporting the \"module\" type. at C:\\xampp\\htdocs\\mitienda\\vendor\\symfony\\symfony\\src\\Symfony\\Component\\Config\\Loader\\FileLoader.php:168, InvalidArgumentException(code: 0): The definition of \"ps_democqrshooksusage_toggle_is_allowed_for_review\" in \"C:\\xampp\\htdocs\\mitienda\\src\\PrestaShopBundle\\Kernel/../../../modules\\ps_democqrshooksusage/config/routes.yml\" must be a YAML array. at C:\\xampp\\htdocs\\mitienda\\vendor\\symfony\\symfony\\src\\Symfony\\Component\\Routing\\Loader\\YamlFileLoader.php:203)"} []
[2020-05-18 11:21:19] request.CRITICAL: Uncaught PHP Exception Symfony\Component\Config\Exception\FileLoaderLoadException: "The definition of "ps_democqrshooksusage_toggle_is_allowed_for_review" in "C:\xampp\htdocs\mitienda\src\PrestaShopBundle\Kernel/../../../modules\ps_democqrshooksusage/config/routes.yml" must be a YAML array in . (which is being imported from "C:\xampp\htdocs\mitienda\app/config/routing.yml"). Make sure there is a loader supporting the "module" type." at C:\xampp\htdocs\mitienda\vendor\symfony\symfony\src\Symfony\Component\Config\Loader\FileLoader.php line 168 {"exception":"[object] (Symfony\\Component\\Config\\Exception\\FileLoaderLoadException(code: 0): The definition of \"ps_democqrshooksusage_toggle_is_allowed_for_review\" in \"C:\\xampp\\htdocs\\mitienda\\src\\PrestaShopBundle\\Kernel/../../../modules\\ps_democqrshooksusage/config/routes.yml\" must be a YAML array in . (which is being imported from \"C:\\xampp\\htdocs\\mitienda\\app/config/routing.yml\"). Make sure there is a loader supporting the \"module\" type. at C:\\xampp\\htdocs\\mitienda\\vendor\\symfony\\symfony\\src\\Symfony\\Component\\Config\\Loader\\FileLoader.php:168, InvalidArgumentException(code: 0): The definition of \"ps_democqrshooksusage_toggle_is_allowed_for_review\" in \"C:\\xampp\\htdocs\\mitienda\\src\\PrestaShopBundle\\Kernel/../../../modules\\ps_democqrshooksusage/config/routes.yml\" must be a YAML array. at C:\\xampp\\htdocs\\mitienda\\vendor\\symfony\\symfony\\src\\Symfony\\Component\\Routing\\Loader\\YamlFileLoader.php:203)"} []
[2020-05-18 11:21:52] request.CRITICAL: Uncaught PHP Exception Symfony\Component\Config\Exception\FileLoaderLoadException: "The definition of "ps_democqrshooksusage_toggle_is_allowed_for_review" in "C:\xampp\htdocs\mitienda\src\PrestaShopBundle\Kernel/../../../modules\ps_democqrshooksusage/config/routes.yml" must be a YAML array in . (which is being imported from "C:\xampp\htdocs\mitienda\app/config/routing.yml"). Make sure there is a loader supporting the "module" type." at C:\xampp\htdocs\mitienda\vendor\symfony\symfony\src\Symfony\Component\Config\Loader\FileLoader.php line 168 {"exception":"[object] (Symfony\\Component\\Config\\Exception\\FileLoaderLoadException(code: 0): The definition of \"ps_democqrshooksusage_toggle_is_allowed_for_review\" in \"C:\\xampp\\htdocs\\mitienda\\src\\PrestaShopBundle\\Kernel/../../../modules\\ps_democqrshooksusage/config/routes.yml\" must be a YAML array in . (which is being imported from \"C:\\xampp\\htdocs\\mitienda\\app/config/routing.yml\"). Make sure there is a loader supporting the \"module\" type. at C:\\xampp\\htdocs\\mitienda\\vendor\\symfony\\symfony\\src\\Symfony\\Component\\Config\\Loader\\FileLoader.php:168, InvalidArgumentException(code: 0): The definition of \"ps_democqrshooksusage_toggle_is_allowed_for_review\" in \"C:\\xampp\\htdocs\\mitienda\\src\\PrestaShopBundle\\Kernel/../../../modules\\ps_democqrshooksusage/config/routes.yml\" must be a YAML array. at C:\\xampp\\htdocs\\mitienda\\vendor\\symfony\\symfony\\src\\Symfony\\Component\\Routing\\Loader\\YamlFileLoader.php:203)"} []
[2020-05-18 11:22:50] request.CRITICAL: Uncaught PHP Exception Symfony\Component\Config\Exception\FileLoaderLoadException: "The definition of "ps_democqrshooksusage_toggle_is_allowed_for_review" in "C:\xampp\htdocs\mitienda\src\PrestaShopBundle\Kernel/../../../modules\ps_democqrshooksusage/config/routes.yml" must be a YAML array in . (which is being imported from "C:\xampp\htdocs\mitienda\app/config/routing.yml"). Make sure there is a loader supporting the "module" type." at C:\xampp\htdocs\mitienda\vendor\symfony\symfony\src\Symfony\Component\Config\Loader\FileLoader.php line 168 {"exception":"[object] (Symfony\\Component\\Config\\Exception\\FileLoaderLoadException(code: 0): The definition of \"ps_democqrshooksusage_toggle_is_allowed_for_review\" in \"C:\\xampp\\htdocs\\mitienda\\src\\PrestaShopBundle\\Kernel/../../../modules\\ps_democqrshooksusage/config/routes.yml\" must be a YAML array in . (which is being imported from \"C:\\xampp\\htdocs\\mitienda\\app/config/routing.yml\"). Make sure there is a loader supporting the \"module\" type. at C:\\xampp\\htdocs\\mitienda\\vendor\\symfony\\symfony\\src\\Symfony\\Component\\Config\\Loader\\FileLoader.php:168, InvalidArgumentException(code: 0): The definition of \"ps_democqrshooksusage_toggle_is_allowed_for_review\" in \"C:\\xampp\\htdocs\\mitienda\\src\\PrestaShopBundle\\Kernel/../../../modules\\ps_democqrshooksusage/config/routes.yml\" must be a YAML array. at C:\\xampp\\htdocs\\mitienda\\vendor\\symfony\\symfony\\src\\Symfony\\Component\\Routing\\Loader\\YamlFileLoader.php:203)"} []
[2020-05-18 11:22:51] request.CRITICAL: Uncaught PHP Exception Symfony\Component\Config\Exception\FileLoaderLoadException: "The definition of "ps_democqrshooksusage_toggle_is_allowed_for_review" in "C:\xampp\htdocs\mitienda\src\PrestaShopBundle\Kernel/../../../modules\ps_democqrshooksusage/config/routes.yml" must be a YAML array in . (which is being imported from "C:\xampp\htdocs\mitienda\app/config/routing.yml"). Make sure there is a loader supporting the "module" type." at C:\xampp\htdocs\mitienda\vendor\symfony\symfony\src\Symfony\Component\Config\Loader\FileLoader.php line 168 {"exception":"[object] (Symfony\\Component\\Config\\Exception\\FileLoaderLoadException(code: 0): The definition of \"ps_democqrshooksusage_toggle_is_allowed_for_review\" in \"C:\\xampp\\htdocs\\mitienda\\src\\PrestaShopBundle\\Kernel/../../../modules\\ps_democqrshooksusage/config/routes.yml\" must be a YAML array in . (which is being imported from \"C:\\xampp\\htdocs\\mitienda\\app/config/routing.yml\"). Make sure there is a loader supporting the \"module\" type. at C:\\xampp\\htdocs\\mitienda\\vendor\\symfony\\symfony\\src\\Symfony\\Component\\Config\\Loader\\FileLoader.php:168, InvalidArgumentException(code: 0): The definition of \"ps_democqrshooksusage_toggle_is_allowed_for_review\" in \"C:\\xampp\\htdocs\\mitienda\\src\\PrestaShopBundle\\Kernel/../../../modules\\ps_democqrshooksusage/config/routes.yml\" must be a YAML array. at C:\\xampp\\htdocs\\mitienda\\vendor\\symfony\\symfony\\src\\Symfony\\Component\\Routing\\Loader\\YamlFileLoader.php:203)"} []
[2020-05-18 11:30:20] request.CRITICAL: Uncaught PHP Exception Symfony\Component\Config\Exception\FileLoaderLoadException: "The definition of "ps_democqrshooksusage_toggle_is_allowed_for_review" in "C:\xampp\htdocs\mitienda\src\PrestaShopBundle\Kernel/../../../modules\ps_democqrshooksusage/config/routes.yml" must be a YAML array in . (which is being imported from "C:\xampp\htdocs\mitienda\app/config/routing.yml"). Make sure there is a loader supporting the "module" type." at C:\xampp\htdocs\mitienda\vendor\symfony\symfony\src\Symfony\Component\Config\Loader\FileLoader.php line 168 {"exception":"[object] (Symfony\\Component\\Config\\Exception\\FileLoaderLoadException(code: 0): The definition of \"ps_democqrshooksusage_toggle_is_allowed_for_review\" in \"C:\\xampp\\htdocs\\mitienda\\src\\PrestaShopBundle\\Kernel/../../../modules\\ps_democqrshooksusage/config/routes.yml\" must be a YAML array in . (which is being imported from \"C:\\xampp\\htdocs\\mitienda\\app/config/routing.yml\"). Make sure there is a loader supporting the \"module\" type. at C:\\xampp\\htdocs\\mitienda\\vendor\\symfony\\symfony\\src\\Symfony\\Component\\Config\\Loader\\FileLoader.php:168, InvalidArgumentException(code: 0): The definition of \"ps_democqrshooksusage_toggle_is_allowed_for_review\" in \"C:\\xampp\\htdocs\\mitienda\\src\\PrestaShopBundle\\Kernel/../../../modules\\ps_democqrshooksusage/config/routes.yml\" must be a YAML array. at C:\\xampp\\htdocs\\mitienda\\vendor\\symfony\\symfony\\src\\Symfony\\Component\\Routing\\Loader\\YamlFileLoader.php:203)"} []
[2020-05-18 11:37:25] request.CRITICAL: Uncaught PHP Exception Symfony\Component\Config\Exception\FileLoaderLoadException: "The definition of "ps_democqrshooksusage_toggle_is_allowed_for_review" in "C:\xampp\htdocs\mitienda\src\PrestaShopBundle\Kernel/../../../modules\ps_democqrshooksusage/config/routes.yml" must be a YAML array in . (which is being imported from "C:\xampp\htdocs\mitienda\app/config/routing.yml"). Make sure there is a loader supporting the "module" type." at C:\xampp\htdocs\mitienda\vendor\symfony\symfony\src\Symfony\Component\Config\Loader\FileLoader.php line 168 {"exception":"[object] (Symfony\\Component\\Config\\Exception\\FileLoaderLoadException(code: 0): The definition of \"ps_democqrshooksusage_toggle_is_allowed_for_review\" in \"C:\\xampp\\htdocs\\mitienda\\src\\PrestaShopBundle\\Kernel/../../../modules\\ps_democqrshooksusage/config/routes.yml\" must be a YAML array in . (which is being imported from \"C:\\xampp\\htdocs\\mitienda\\app/config/routing.yml\"). Make sure there is a loader supporting the \"module\" type. at C:\\xampp\\htdocs\\mitienda\\vendor\\symfony\\symfony\\src\\Symfony\\Component\\Config\\Loader\\FileLoader.php:168, InvalidArgumentException(code: 0): The definition of \"ps_democqrshooksusage_toggle_is_allowed_for_review\" in \"C:\\xampp\\htdocs\\mitienda\\src\\PrestaShopBundle\\Kernel/../../../modules\\ps_democqrshooksusage/config/routes.yml\" must be a YAML array. at C:\\xampp\\htdocs\\mitienda\\vendor\\symfony\\symfony\\src\\Symfony\\Component\\Routing\\Loader\\YamlFileLoader.php:203)"} []
[2020-05-18 11:43:54] request.CRITICAL: Uncaught PHP Exception Symfony\Component\Config\Exception\FileLoaderLoadException: "The definition of "ps_democqrshooksusage_toggle_is_allowed_for_review" in "C:\xampp\htdocs\mitienda\src\PrestaShopBundle\Kernel/../../../modules\ps_democqrshooksusage/config/routes.yml" must be a YAML array in . (which is being imported from "C:\xampp\htdocs\mitienda\app/config/routing.yml"). Make sure there is a loader supporting the "module" type." at C:\xampp\htdocs\mitienda\vendor\symfony\symfony\src\Symfony\Component\Config\Loader\FileLoader.php line 168 {"exception":"[object] (Symfony\\Component\\Config\\Exception\\FileLoaderLoadException(code: 0): The definition of \"ps_democqrshooksusage_toggle_is_allowed_for_review\" in \"C:\\xampp\\htdocs\\mitienda\\src\\PrestaShopBundle\\Kernel/../../../modules\\ps_democqrshooksusage/config/routes.yml\" must be a YAML array in . (which is being imported from \"C:\\xampp\\htdocs\\mitienda\\app/config/routing.yml\"). Make sure there is a loader supporting the \"module\" type. at C:\\xampp\\htdocs\\mitienda\\vendor\\symfony\\symfony\\src\\Symfony\\Component\\Config\\Loader\\FileLoader.php:168, InvalidArgumentException(code: 0): The definition of \"ps_democqrshooksusage_toggle_is_allowed_for_review\" in \"C:\\xampp\\htdocs\\mitienda\\src\\PrestaShopBundle\\Kernel/../../../modules\\ps_democqrshooksusage/config/routes.yml\" must be a YAML array. at C:\\xampp\\htdocs\\mitienda\\vendor\\symfony\\symfony\\src\\Symfony\\Component\\Routing\\Loader\\YamlFileLoader.php:203)"} []
[2020-05-18 12:35:02] request.CRITICAL: Uncaught PHP Exception SmartyException: "Invalid compiled template for 'controllers/modules/login_addons.tpl'" at C:\xampp\htdocs\mitienda\vendor\smarty\smarty\libs\sysplugins\smarty_template_resource_base.php line 116 {"exception":"[object] (SmartyException(code: 0): Invalid compiled template for 'controllers/modules/login_addons.tpl' at C:\\xampp\\htdocs\\mitienda\\vendor\\smarty\\smarty\\libs\\sysplugins\\smarty_template_resource_base.php:116)"} []
[2020-05-18 12:40:17] request.CRITICAL: Uncaught PHP Exception SmartyException: "Invalid compiled template for 'controllers/modules/login_addons.tpl'" at C:\xampp\htdocs\mitienda\vendor\smarty\smarty\libs\sysplugins\smarty_template_resource_base.php line 116 {"exception":"[object] (SmartyException(code: 0): Invalid compiled template for 'controllers/modules/login_addons.tpl' at C:\\xampp\\htdocs\\mitienda\\vendor\\smarty\\smarty\\libs\\sysplugins\\smarty_template_resource_base.php:116)"} []
[2020-05-18 15:33:41] request.CRITICAL: Uncaught PHP Exception Symfony\Component\Debug\Exception\FatalThrowableError: "Call to a member function isUsingNewTranslationSystem() on bool" at C:\xampp\htdocs\mitienda\controllers\admin\AdminModulesController.php line 1419 {"exception":"[object] (Symfony\\Component\\Debug\\Exception\\FatalThrowableError(code: 0): Call to a member function isUsingNewTranslationSystem() on bool at C:\\xampp\\htdocs\\mitienda\\controllers\\admin\\AdminModulesController.php:1419)"} []
[2020-05-18 15:41:27] request.CRITICAL: Uncaught PHP Exception SmartyException: "unable to write file C:\xampp\htdocs\mitienda\var\cache\prod\smarty\compile\18\b5\0a\18b50ab9c9011d543090b324821189b2cf26585d_0.file.login_addons.tpl.php" at C:\xampp\htdocs\mitienda\vendor\smarty\smarty\libs\sysplugins\smarty_internal_runtime_writefile.php line 90 {"exception":"[object] (SmartyException(code: 0): unable to write file C:\\xampp\\htdocs\\mitienda\\var\\cache\\prod\\smarty\\compile\\18\\b5\\0a\\18b50ab9c9011d543090b324821189b2cf26585d_0.file.login_addons.tpl.php at C:\\xampp\\htdocs\\mitienda\\vendor\\smarty\\smarty\\libs\\sysplugins\\smarty_internal_runtime_writefile.php:90)"} []
